<?xml version="1.0" encoding="UTF-8"?>
<robot generator="Robot 3.1.1 (Python 3.7.2 on win32)" generated="20190524 16:15:09.129" rpa="false">
<suite id="s1" name="RobotProject" source="D:\Eclipse-workspace\RobotProject">
<suite id="s1-s1" name="Test" source="D:\Eclipse-workspace\RobotProject\test">
<suite id="s1-s1-s1" name="RobotTestSuite1" source="D:\Eclipse-workspace\RobotProject\test\RobotTestSuite1.robot">
<kw name="Log" library="BuiltIn" type="setup">
<doc>Logs the given message with the given level.</doc>
<arguments>
<arg>I am inside Test Suite Setup</arg>
</arguments>
<msg timestamp="20190524 16:15:09.700" level="INFO">I am inside Test Suite Setup</msg>
<status status="PASS" starttime="20190524 16:15:09.699" endtime="20190524 16:15:09.700"></status>
</kw>
<test id="s1-s1-s1-t1" name="MyFirstTest">
<kw name="Log" library="BuiltIn" type="setup">
<doc>Logs the given message with the given level.</doc>
<arguments>
<arg>I am inside Test Suite Setup</arg>
</arguments>
<msg timestamp="20190524 16:15:09.701" level="INFO">I am inside Test Suite Setup</msg>
<status status="PASS" starttime="20190524 16:15:09.701" endtime="20190524 16:15:09.701"></status>
</kw>
<kw name="Log" library="BuiltIn">
<doc>Logs the given message with the given level.</doc>
<arguments>
<arg>Hello World...</arg>
</arguments>
<msg timestamp="20190524 16:15:09.702" level="INFO">Hello World...</msg>
<status status="PASS" starttime="20190524 16:15:09.701" endtime="20190524 16:15:09.702"></status>
</kw>
<kw name="Log" library="BuiltIn" type="teardown">
<doc>Logs the given message with the given level.</doc>
<arguments>
<arg>I am inside Test Teardown</arg>
</arguments>
<msg timestamp="20190524 16:15:09.702" level="INFO">I am inside Test Teardown</msg>
<status status="PASS" starttime="20190524 16:15:09.702" endtime="20190524 16:15:09.702"></status>
</kw>
<tags>
<tag>smoke</tag>
</tags>
<status status="PASS" starttime="20190524 16:15:09.700" endtime="20190524 16:15:09.702" critical="yes"></status>
</test>
<test id="s1-s1-s1-t2" name="MySecondTest">
<kw name="Log" library="BuiltIn" type="setup">
<doc>Logs the given message with the given level.</doc>
<arguments>
<arg>I am inside Test Suite Setup</arg>
</arguments>
<msg timestamp="20190524 16:15:09.704" level="INFO">I am inside Test Suite Setup</msg>
<status status="PASS" starttime="20190524 16:15:09.703" endtime="20190524 16:15:09.704"></status>
</kw>
<kw name="Log" library="BuiltIn">
<doc>Logs the given message with the given level.</doc>
<arguments>
<arg>I am inside 2nd test</arg>
</arguments>
<msg timestamp="20190524 16:15:09.704" level="INFO">I am inside 2nd test</msg>
<status status="PASS" starttime="20190524 16:15:09.704" endtime="20190524 16:15:09.705"></status>
</kw>
<kw name="Set Tags" library="BuiltIn">
<doc>Adds given ``tags`` for the current test or all tests in a suite.</doc>
<arguments>
<arg>regression1</arg>
</arguments>
<msg timestamp="20190524 16:15:09.706" level="INFO">Set tag 'regression1'.</msg>
<status status="PASS" starttime="20190524 16:15:09.705" endtime="20190524 16:15:09.706"></status>
</kw>
<kw name="Remove Tags" library="BuiltIn">
<doc>Removes given ``tags`` from the current test or all tests in a suite.</doc>
<arguments>
<arg>regression1</arg>
</arguments>
<msg timestamp="20190524 16:15:09.707" level="INFO">Removed tag 'regression1'.</msg>
<status status="PASS" starttime="20190524 16:15:09.706" endtime="20190524 16:15:09.707"></status>
</kw>
<kw name="Log" library="BuiltIn" type="teardown">
<doc>Logs the given message with the given level.</doc>
<arguments>
<arg>I am inside Test Teardown</arg>
</arguments>
<msg timestamp="20190524 16:15:09.707" level="INFO">I am inside Test Teardown</msg>
<status status="PASS" starttime="20190524 16:15:09.707" endtime="20190524 16:15:09.708"></status>
</kw>
<tags>
<tag>example</tag>
</tags>
<status status="PASS" starttime="20190524 16:15:09.703" endtime="20190524 16:15:09.708" critical="yes"></status>
</test>
<test id="s1-s1-s1-t3" name="MyThirdTest">
<kw name="Log" library="BuiltIn" type="setup">
<doc>Logs the given message with the given level.</doc>
<arguments>
<arg>I am inside Test Suite Setup</arg>
</arguments>
<msg timestamp="20190524 16:15:09.709" level="INFO">I am inside Test Suite Setup</msg>
<status status="PASS" starttime="20190524 16:15:09.709" endtime="20190524 16:15:09.710"></status>
</kw>
<kw name="Log" library="BuiltIn">
<doc>Logs the given message with the given level.</doc>
<arguments>
<arg>I am inside 3rd test</arg>
</arguments>
<msg timestamp="20190524 16:15:09.710" level="INFO">I am inside 3rd test</msg>
<status status="PASS" starttime="20190524 16:15:09.710" endtime="20190524 16:15:09.710"></status>
</kw>
<kw name="Log" library="BuiltIn" type="teardown">
<doc>Logs the given message with the given level.</doc>
<arguments>
<arg>I am inside Test Teardown</arg>
</arguments>
<msg timestamp="20190524 16:15:09.711" level="INFO">I am inside Test Teardown</msg>
<status status="PASS" starttime="20190524 16:15:09.710" endtime="20190524 16:15:09.711"></status>
</kw>
<tags>
<tag>sanity</tag>
</tags>
<status status="PASS" starttime="20190524 16:15:09.709" endtime="20190524 16:15:09.711" critical="yes"></status>
</test>
<test id="s1-s1-s1-t4" name="MyFourthTest">
<kw name="Log" library="BuiltIn" type="setup">
<doc>Logs the given message with the given level.</doc>
<arguments>
<arg>I am inside Test Suite Setup</arg>
</arguments>
<msg timestamp="20190524 16:15:09.712" level="INFO">I am inside Test Suite Setup</msg>
<status status="PASS" starttime="20190524 16:15:09.712" endtime="20190524 16:15:09.712"></status>
</kw>
<kw name="Log" library="BuiltIn">
<doc>Logs the given message with the given level.</doc>
<arguments>
<arg>I am inside 4th test</arg>
</arguments>
<msg timestamp="20190524 16:15:09.713" level="INFO">I am inside 4th test</msg>
<status status="PASS" starttime="20190524 16:15:09.712" endtime="20190524 16:15:09.713"></status>
</kw>
<kw name="Log" library="BuiltIn" type="teardown">
<doc>Logs the given message with the given level.</doc>
<arguments>
<arg>I am inside Test Teardown</arg>
</arguments>
<msg timestamp="20190524 16:15:09.713" level="INFO">I am inside Test Teardown</msg>
<status status="PASS" starttime="20190524 16:15:09.713" endtime="20190524 16:15:09.713"></status>
</kw>
<tags>
<tag>sanity</tag>
</tags>
<status status="PASS" starttime="20190524 16:15:09.711" endtime="20190524 16:15:09.714" critical="yes"></status>
</test>
<test id="s1-s1-s1-t5" name="FirstSeleniumTest">
<kw name="Log" library="BuiltIn" type="setup">
<doc>Logs the given message with the given level.</doc>
<arguments>
<arg>I am inside Test Suite Setup</arg>
</arguments>
<msg timestamp="20190524 16:15:09.715" level="INFO">I am inside Test Suite Setup</msg>
<status status="PASS" starttime="20190524 16:15:09.715" endtime="20190524 16:15:09.715"></status>
</kw>
<kw name="Open Browser" library="SeleniumLibrary">
<doc>Opens a new browser instance to the given ``url``.</doc>
<arguments>
<arg>https:google.com</arg>
<arg>gc</arg>
</arguments>
<msg timestamp="20190524 16:15:09.715" level="INFO">Opening browser 'gc' to base url 'https:google.com'.</msg>
<status status="PASS" starttime="20190524 16:15:09.715" endtime="20190524 16:15:12.521"></status>
</kw>
<kw name="Set Browser Implicit Wait" library="SeleniumLibrary">
<doc>Sets the implicit wait value used by Selenium.</doc>
<arguments>
<arg>5</arg>
</arguments>
<status status="PASS" starttime="20190524 16:15:12.522" endtime="20190524 16:15:12.528"></status>
</kw>
<kw name="Input Text" library="SeleniumLibrary">
<doc>Types the given ``text`` into text field identified by ``locator``.</doc>
<arguments>
<arg>name=q</arg>
<arg>Automation step by step</arg>
</arguments>
<msg timestamp="20190524 16:15:12.529" level="INFO">Typing text 'Automation step by step' into text field 'name=q'.</msg>
<status status="PASS" starttime="20190524 16:15:12.528" endtime="20190524 16:15:12.722"></status>
</kw>
<kw name="Press Keys" library="SeleniumLibrary">
<doc>Simulates user pressing key(s) to an element or on the active browser.</doc>
<arguments>
<arg>name=q</arg>
<arg>ENTER</arg>
</arguments>
<msg timestamp="20190524 16:15:12.723" level="INFO">Sending key(s) ('ENTER',) to name=q element.</msg>
<msg timestamp="20190524 16:15:12.730" level="INFO">Pressing special key ENTER to element.</msg>
<status status="PASS" starttime="20190524 16:15:12.722" endtime="20190524 16:15:13.448"></status>
</kw>
<kw name="Sleep" library="BuiltIn">
<doc>Pauses the test executed for the given time.</doc>
<arguments>
<arg>2</arg>
</arguments>
<msg timestamp="20190524 16:15:15.451" level="INFO">Slept 2 seconds</msg>
<status status="PASS" starttime="20190524 16:15:13.448" endtime="20190524 16:15:15.451"></status>
</kw>
<kw name="Close Browser" library="SeleniumLibrary">
<doc>Closes the current browser.</doc>
<status status="PASS" starttime="20190524 16:15:15.451" endtime="20190524 16:15:17.552"></status>
</kw>
<kw name="Log" library="BuiltIn">
<doc>Logs the given message with the given level.</doc>
<arguments>
<arg>Test Comleted</arg>
</arguments>
<msg timestamp="20190524 16:15:17.553" level="INFO">Test Comleted</msg>
<status status="PASS" starttime="20190524 16:15:17.552" endtime="20190524 16:15:17.553"></status>
</kw>
<kw name="Log" library="BuiltIn" type="teardown">
<doc>Logs the given message with the given level.</doc>
<arguments>
<arg>I am inside Test Teardown</arg>
</arguments>
<msg timestamp="20190524 16:15:17.554" level="INFO">I am inside Test Teardown</msg>
<status status="PASS" starttime="20190524 16:15:17.554" endtime="20190524 16:15:17.554"></status>
</kw>
<tags>
<tag>sanity</tag>
</tags>
<status status="PASS" starttime="20190524 16:15:09.714" endtime="20190524 16:15:17.554" critical="yes"></status>
</test>
<test id="s1-s1-s1-t6" name="SampleLoginTest">
<kw name="Log" library="BuiltIn" type="setup">
<doc>Logs the given message with the given level.</doc>
<arguments>
<arg>I am inside Test Suite Setup</arg>
</arguments>
<msg timestamp="20190524 16:15:17.556" level="INFO">I am inside Test Suite Setup</msg>
<status status="PASS" starttime="20190524 16:15:17.555" endtime="20190524 16:15:17.556"></status>
</kw>
<kw name="Open Browser" library="SeleniumLibrary">
<doc>Opens a new browser instance to the given ``url``.</doc>
<arguments>
<arg>${URL}</arg>
<arg>gc</arg>
</arguments>
<msg timestamp="20190524 16:15:17.556" level="INFO">Opening browser 'gc' to base url 'https://na1.replicon.com/TriOpSys/'.</msg>
<status status="PASS" starttime="20190524 16:15:17.556" endtime="20190524 16:15:21.255"></status>
</kw>
<kw name="Set Browser Implicit Wait" library="SeleniumLibrary">
<doc>Sets the implicit wait value used by Selenium.</doc>
<arguments>
<arg>10</arg>
</arguments>
<status status="PASS" starttime="20190524 16:15:21.255" endtime="20190524 16:15:21.257"></status>
</kw>
<kw name="LoginKW">
<kw name="Input Text" library="SeleniumLibrary">
<doc>Types the given ``text`` into text field identified by ``locator``.</doc>
<arguments>
<arg>id=LoginNameTextBox</arg>
<arg>@{CREDENTIALS}[0]</arg>
</arguments>
<msg timestamp="20190524 16:15:21.258" level="INFO">Typing text 'svanvugt' into text field 'id=LoginNameTextBox'.</msg>
<status status="PASS" starttime="20190524 16:15:21.258" endtime="20190524 16:15:21.327"></status>
</kw>
<kw name="Input Password" library="SeleniumLibrary">
<doc>Types the given password into text field identified by ``locator``.</doc>
<arguments>
<arg>id=PasswordTextBox</arg>
<arg>&amp;{LOGIN}[password]</arg>
</arguments>
<msg timestamp="20190524 16:15:21.327" level="INFO">Typing password into text field 'id=PasswordTextBox'.</msg>
<status status="PASS" starttime="20190524 16:15:21.327" endtime="20190524 16:15:21.399"></status>
</kw>
<kw name="Click Button" library="SeleniumLibrary">
<doc>Clicks button identified by ``locator``.</doc>
<arguments>
<arg>id=LoginButton</arg>
</arguments>
<msg timestamp="20190524 16:15:21.400" level="INFO">Clicking button 'id=LoginButton'.</msg>
<status status="PASS" starttime="20190524 16:15:21.400" endtime="20190524 16:15:21.459"></status>
</kw>
<status status="PASS" starttime="20190524 16:15:21.257" endtime="20190524 16:15:21.460"></status>
</kw>
<kw name="Click Element" library="SeleniumLibrary">
<doc>Click element identified by ``locator``.</doc>
<arguments>
<arg>id=userDropdownOpenLink</arg>
</arguments>
<msg timestamp="20190524 16:15:21.460" level="INFO">Clicking element 'id=userDropdownOpenLink'.</msg>
<status status="PASS" starttime="20190524 16:15:21.460" endtime="20190524 16:15:24.455"></status>
</kw>
<kw name="Click Element" library="SeleniumLibrary">
<doc>Click element identified by ``locator``.</doc>
<arguments>
<arg>link=Logout</arg>
</arguments>
<msg timestamp="20190524 16:15:24.456" level="INFO">Clicking element 'link=Logout'.</msg>
<status status="PASS" starttime="20190524 16:15:24.456" endtime="20190524 16:15:25.620"></status>
</kw>
<kw name="Close Browser" library="SeleniumLibrary">
<doc>Closes the current browser.</doc>
<status status="PASS" starttime="20190524 16:15:25.621" endtime="20190524 16:15:27.734"></status>
</kw>
<kw name="Log" library="BuiltIn">
<doc>Logs the given message with the given level.</doc>
<arguments>
<arg>Test completed</arg>
</arguments>
<msg timestamp="20190524 16:15:27.735" level="INFO">Test completed</msg>
<status status="PASS" starttime="20190524 16:15:27.734" endtime="20190524 16:15:27.735"></status>
</kw>
<kw name="Log" library="BuiltIn">
<doc>Logs the given message with the given level.</doc>
<arguments>
<arg>This test was executed by %{username} on %{os}</arg>
</arguments>
<msg timestamp="20190524 16:15:27.736" level="INFO">This test was executed by svanvugt on Windows_NT</msg>
<status status="PASS" starttime="20190524 16:15:27.735" endtime="20190524 16:15:27.736"></status>
</kw>
<kw name="Log" library="BuiltIn" type="teardown">
<doc>Logs the given message with the given level.</doc>
<arguments>
<arg>I am inside Test Teardown</arg>
</arguments>
<msg timestamp="20190524 16:15:27.736" level="INFO">I am inside Test Teardown</msg>
<status status="PASS" starttime="20190524 16:15:27.736" endtime="20190524 16:15:27.737"></status>
</kw>
<doc>This is a sample login test</doc>
<tags>
<tag>sanity</tag>
</tags>
<status status="PASS" starttime="20190524 16:15:17.555" endtime="20190524 16:15:27.737" critical="yes"></status>
</test>
<kw name="Log" library="BuiltIn" type="teardown">
<doc>Logs the given message with the given level.</doc>
<arguments>
<arg>I am inside Test Suite Teardown</arg>
</arguments>
<msg timestamp="20190524 16:15:27.738" level="INFO">I am inside Test Suite Teardown</msg>
<status status="PASS" starttime="20190524 16:15:27.738" endtime="20190524 16:15:27.738"></status>
</kw>
<status status="PASS" starttime="20190524 16:15:09.387" endtime="20190524 16:15:27.738"></status>
</suite>
<status status="PASS" starttime="20190524 16:15:09.385" endtime="20190524 16:15:27.741"></status>
</suite>
<status status="PASS" starttime="20190524 16:15:09.364" endtime="20190524 16:15:27.743"></status>
</suite>
<statistics>
<total>
<stat pass="6" fail="0">Critical Tests</stat>
<stat pass="6" fail="0">All Tests</stat>
</total>
<tag>
<stat pass="1" fail="0">example</stat>
<stat pass="4" fail="0">sanity</stat>
<stat pass="1" fail="0">smoke</stat>
</tag>
<suite>
<stat pass="6" fail="0" id="s1" name="RobotProject">RobotProject</stat>
<stat pass="6" fail="0" id="s1-s1" name="Test">RobotProject.Test</stat>
<stat pass="6" fail="0" id="s1-s1-s1" name="RobotTestSuite1">RobotProject.Test.RobotTestSuite1</stat>
</suite>
</statistics>
<errors>
</errors>
</robot>
